<?xml version="1.0" encoding="UTF-8"?>
<!-- Generated by org.testng.reporters.JUnitXMLReporter -->
<testsuite ignored="0" hostname="LAPTOP-U23ABP6K" failures="3" tests="4" name="Test" time="25.052" errors="0" timestamp="2025-06-03T23:00:50 IST">
  <testcase classname="testCases.Error_Scenario_Test" name="IncorrectUserPass" time="0.966">
    <failure type="java.lang.AssertionError" message="expected [The error message when invalid user trying to login is not as expected.] but found [Epic sadface: Username and password do not match any user in this service]">
      <![CDATA[java.lang.AssertionError: expected [The error message when invalid user trying to login is not as expected.] but found [Epic sadface: Username and password do not match any user in this service]
at testCases.Error_Scenario_Test.IncorrectUserPass(Error_Scenario_Test.java:19)
at java.base/java.util.ArrayList.forEach(ArrayList.java:1596)
... Removed 31 stack frames]]>
    </failure>
  </testcase> <!-- IncorrectUserPass -->
  <testcase classname="testCases.Error_Scenario_Test" name="LoginRedirectTest" time="2.685">
    <failure type="java.lang.AssertionError" message="expected [Unable to access inventory page without login.] but found [Epic sadface: You can only access &amp;apos;/inventory.html&amp;apos; when you are logged in.]">
      <![CDATA[java.lang.AssertionError: expected [Unable to access inventory page without login.] but found [Epic sadface: You can only access '/inventory.html' when you are logged in.]
at testCases.Error_Scenario_Test.LoginRedirectTest(Error_Scenario_Test.java:27)
at java.base/java.util.ArrayList.forEach(ArrayList.java:1596)
... Removed 31 stack frames]]>
    </failure>
  </testcase> <!-- LoginRedirectTest -->
  <testcase classname="testCases.Error_Scenario_Test" name="SessionAfterLogoutTest" time="1.336">
    <failure type="java.lang.AssertionError" message="expected [Unable to access inventory page without login.] but found [Epic sadface: You can only access &amp;apos;/inventory.html&amp;apos; when you are logged in.]">
      <![CDATA[java.lang.AssertionError: expected [Unable to access inventory page without login.] but found [Epic sadface: You can only access '/inventory.html' when you are logged in.]
at testCases.Error_Scenario_Test.SessionAfterLogoutTest(Error_Scenario_Test.java:38)
at java.base/java.util.ArrayList.forEach(ArrayList.java:1596)
... Removed 31 stack frames]]>
    </failure>
  </testcase> <!-- SessionAfterLogoutTest -->
  <testcase classname="testCases.E2E_ECom_Automation" name="E2E_Test" time="2.724"/>
</testsuite> <!-- Test -->
